[2025-03-26T04:56:00.864Z] [31MERROR[39M: Hey url is not given to the system
[2025-03-26T05:06:03.853Z] [31MERROR[39M: The `uri` parameter to `openUri()` must be a string, got "undefined". Make sure the first parameter to `mongoose.connect()` or `mongoose.createConnection()` is a string.
[2025-03-26T05:07:20.743Z] [31MERROR[39M: The `uri` parameter to `openUri()` must be a string, got "undefined". Make sure the first parameter to `mongoose.connect()` or `mongoose.createConnection()` is a string.
[2025-03-26T05:07:26.050Z] [31MERROR[39M: Hey url is not given to the system
[2025-03-26T05:08:38.541Z] [31MERROR[39M: The `uri` parameter to `openUri()` must be a string, got "undefined". Make sure the first parameter to `mongoose.connect()` or `mongoose.createConnection()` is a string.
[2025-03-26T05:09:08.758Z] [31MERROR[39M: The `uri` parameter to `openUri()` must be a string, got "undefined". Make sure the first parameter to `mongoose.connect()` or `mongoose.createConnection()` is a string.
[2025-03-26T05:09:53.743Z] [31MERROR[39M: The `uri` parameter to `openUri()` must be a string, got "undefined". Make sure the first parameter to `mongoose.connect()` or `mongoose.createConnection()` is a string.
[2025-03-26T10:34:40.763Z] [31MERROR[39M: The `uri` parameter to `openUri()` must be a string, got "undefined". Make sure the first parameter to `mongoose.connect()` or `mongoose.createConnection()` is a string.
[2025-03-26T10:34:40.803Z] [31MERROR[39M: Redis Client Error:
[2025-03-26T10:34:40.912Z] [31MERROR[39M: Redis Client Error:
[2025-03-26T10:34:40.967Z] [31MERROR[39M: Redis Client Error:
[2025-03-26T10:34:41.083Z] [31MERROR[39M: Redis Client Error:
[2025-03-26T10:34:41.237Z] [31MERROR[39M: Redis Client Error:
[2025-03-26T10:34:41.445Z] [31MERROR[39M: Redis Client Error:
[2025-03-26T10:34:41.711Z] [31MERROR[39M: Redis Client Error:
[2025-03-26T10:34:42.026Z] [31MERROR[39M: Redis Client Error:
[2025-03-26T10:34:42.388Z] [31MERROR[39M: Redis Client Error:
[2025-03-26T10:34:42.807Z] [31MERROR[39M: Redis Client Error:
[2025-03-26T10:34:43.275Z] [31MERROR[39M: Redis Client Error:
[2025-03-26T10:34:43.783Z] [31MERROR[39M: Redis Client Error:
[2025-03-26T10:34:44.299Z] [31MERROR[39M: Redis Client Error:
[2025-03-26T10:34:44.815Z] [31MERROR[39M: Redis Client Error:
[2025-03-26T10:34:45.323Z] [31MERROR[39M: Redis Client Error:
[2025-03-26T10:34:45.837Z] [31MERROR[39M: Redis Client Error:
[2025-03-26T10:34:46.351Z] [31MERROR[39M: Redis Client Error:
[2025-03-26T10:34:46.872Z] [31MERROR[39M: Redis Client Error:
[2025-03-26T10:34:47.382Z] [31MERROR[39M: Redis Client Error:
[2025-03-26T10:34:47.894Z] [31MERROR[39M: Redis Client Error:
[2025-03-26T10:34:48.413Z] [31MERROR[39M: Redis Client Error:
[2025-03-26T10:34:48.928Z] [31MERROR[39M: Redis Client Error:
[2025-03-26T10:34:49.437Z] [31MERROR[39M: Redis Client Error:
[2025-03-26T10:34:49.948Z] [31MERROR[39M: Redis Client Error:
[2025-03-26T10:34:50.469Z] [31MERROR[39M: Redis Client Error:
[2025-03-26T10:34:50.977Z] [31MERROR[39M: Redis Client Error:
[2025-03-26T10:34:51.490Z] [31MERROR[39M: Redis Client Error:
[2025-03-26T10:34:51.999Z] [31MERROR[39M: Redis Client Error:
[2025-03-26T10:34:52.504Z] [31MERROR[39M: Redis Client Error:
[2025-03-26T10:36:07.336Z] [31MERROR[39M: The `uri` parameter to `openUri()` must be a string, got "undefined". Make sure the first parameter to `mongoose.connect()` or `mongoose.createConnection()` is a string.
[2025-03-26T10:36:07.348Z] [31MERROR[39M: Redis Client Error:
[2025-03-26T10:36:07.358Z] [31MERROR[39M: Redis Client Error:
[2025-03-26T10:36:07.424Z] [31MERROR[39M: Redis Client Error:
[2025-03-26T10:36:07.534Z] [31MERROR[39M: Redis Client Error:
[2025-03-26T10:36:07.701Z] [31MERROR[39M: Redis Client Error:
[2025-03-26T10:36:07.920Z] [31MERROR[39M: Redis Client Error:
[2025-03-26T10:36:08.178Z] [31MERROR[39M: Redis Client Error:
[2025-03-26T10:36:08.494Z] [31MERROR[39M: Redis Client Error:
[2025-03-26T10:37:35.746Z] [31MERROR[39M: The `uri` parameter to `openUri()` must be a string, got "undefined". Make sure the first parameter to `mongoose.connect()` or `mongoose.createConnection()` is a string.
[2025-03-26T10:37:35.758Z] [31MERROR[39M: Redis Client Error:
[2025-03-26T10:37:35.767Z] [31MERROR[39M: Redis Client Error:
[2025-03-26T10:37:35.872Z] [31MERROR[39M: Redis Client Error:
[2025-03-26T10:37:35.991Z] [31MERROR[39M: Redis Client Error:
[2025-03-26T10:37:36.162Z] [31MERROR[39M: Redis Client Error:
[2025-03-26T10:37:36.378Z] [31MERROR[39M: Redis Client Error:
[2025-03-26T10:37:36.645Z] [31MERROR[39M: Redis Client Error:
[2025-03-26T10:37:36.957Z] [31MERROR[39M: Redis Client Error:
[2025-03-26T10:37:37.329Z] [31MERROR[39M: Redis Client Error:
[2025-03-26T10:37:37.749Z] [31MERROR[39M: Redis Client Error:
[2025-03-26T10:37:38.216Z] [31MERROR[39M: Redis Client Error:
[2025-03-26T10:37:38.731Z] [31MERROR[39M: Redis Client Error:
[2025-04-05T09:16:14.996Z] [31MERROR[39M: ❌ Error shortening URL: E11000 duplicate key error collection: test.urls index: LongUrl_1 dup key: { LongUrl: "https://web.whatsapp.com/" }
[2025-04-05T15:44:58.796Z] [31MERROR[39M: ❌ Hey, URL is not given to the system
[2025-04-05T15:45:38.285Z] [31MERROR[39M: ❌ Error shortening URL: E11000 duplicate key error collection: test.urls index: LongUrl_1 dup key: { LongUrl: "https://v0.dev/chat/ui-for-url-shortner-Lpzoa9nqQEe" }
[2025-04-05T15:45:45.965Z] [31MERROR[39M: ❌ Error shortening URL: E11000 duplicate key error collection: test.urls index: LongUrl_1 dup key: { LongUrl: "https://v0.dev/chat/ui-for-url-shortner-Lpzoa9nqQEe" }
[2025-04-05T16:02:32.976Z] [31MERROR[39M: ❌ Error shortening URL: E11000 duplicate key error collection: test.urls index: LongUrl_1 dup key: { LongUrl: "https://v0.dev/chat/ui-for-url-shortner-Lpzoa9nqQEe" }
[2025-04-05T16:02:35.260Z] [31MERROR[39M: ❌ Error shortening URL: E11000 duplicate key error collection: test.urls index: LongUrl_1 dup key: { LongUrl: "https://v0.dev/chat/ui-for-url-shortner-Lpzoa9nqQEe" }
[2025-04-05T16:02:47.615Z] [31MERROR[39M: ❌ Error shortening URL: E11000 duplicate key error collection: test.urls index: LongUrl_1 dup key: { LongUrl: "https://v0.dev/chat/ui-for-url-shortner-Lpzoa9nqQEe" }
[2025-04-16T06:29:33.578Z] [31MERROR[39M: ❌ Error shortening URL: E11000 duplicate key error collection: test.urls index: LongUrl_1 dup key: { LongUrl: "https://monkeytype.com/" }
[2025-04-17T14:34:21.750Z] [32MINFO[39M: user is craeted
[2025-04-17T14:34:30.150Z] [32MINFO[39M: user is craeted
[2025-04-17T14:34:30.480Z] [32MINFO[39M: {
  username: 'tanmayjoshi072',
  email: 'Nothing1Worku23s12@g3mail.com',
  password: '$2b$10$JndAZhryFjP.nDjCjaJ5tuilRDyWIE289.HlphRuxEJ9gr0zVVKvO',
  _id: new ObjectId('680111764b0dbfdf5cb760e8'),
  createdAt: 2025-04-17T14:34:30.182Z,
  __v: 0
}
[2025-04-17T14:34:30.490Z] [32MINFO[39M: before sending the data to the client
[2025-04-17T14:35:05.842Z] [32MINFO[39M: user is craeted
[2025-04-17T14:35:06.087Z] [32MINFO[39M: {
  username: 'Tanmay Santosh Joshi',
  email: 'tanmayjoshi072@gmail.com',
  password: '$2b$10$bPL7fYiBI1pZmDSnShKQfegbo52Afs2k8gxeL9OHUuElZlJDmviRC',
  _id: new ObjectId('680111994b0dbfdf5cb760eb'),
  createdAt: 2025-04-17T14:35:05.858Z,
  __v: 0
}
[2025-04-17T14:35:06.091Z] [32MINFO[39M: before sending the data to the client
[2025-04-17T14:36:06.908Z] [32MINFO[39M: user is craeted
[2025-04-17T14:36:07.092Z] [32MINFO[39M: {
  username: 'Pranav Patil',
  email: 'PranavPatil@gmail3',
  password: '$2b$10$UNGILX5bHrPUTNF4r/7Heeh3H.4sisUP1ZANTMHCLBy11kHvaQvuu',
  _id: new ObjectId('680111d64b0dbfdf5cb760ee'),
  createdAt: 2025-04-17T14:36:06.921Z,
  __v: 0
}
[2025-04-17T14:36:07.099Z] [32MINFO[39M: before sending the data to the client
[2025-04-17T14:36:50.464Z] [32MINFO[39M: user is craeted
[2025-04-17T14:36:50.671Z] [32MINFO[39M: {
  username: 'Tanmay Joshi',
  email: 'tanmayjoshi072@gmail.com',
  password: '$2b$10$KG5ZSRtflGrlNK/T/5.KrONMhHEdLEwrp8rQomDSuweqbzJSiQD0O',
  _id: new ObjectId('680112024b0dbfdf5cb760f1'),
  createdAt: 2025-04-17T14:36:50.477Z,
  __v: 0
}
[2025-04-17T14:36:50.676Z] [32MINFO[39M: before sending the data to the client
[2025-04-17T14:37:09.539Z] [32MINFO[39M: user is craeted
[2025-04-17T14:37:09.790Z] [32MINFO[39M: {
  username: 'Tanmay Santosh Joshidf',
  email: 'tanmayjosh73@gmail.com',
  password: '$2b$10$lYj73hpkKwCaWpDo/tr1weChFQak3Vl24IVpmGu/qqeqylTOxaKNG',
  _id: new ObjectId('680112154b0dbfdf5cb760f4'),
  createdAt: 2025-04-17T14:37:09.552Z,
  __v: 0
}
[2025-04-17T14:37:09.794Z] [32MINFO[39M: before sending the data to the client
[2025-04-17T14:38:45.353Z] [32MINFO[39M: user is craeted
[2025-04-17T14:38:45.669Z] [32MINFO[39M: {
  username: 'Tanmay',
  email: 'tanmayjosh73@gmail.com',
  password: '$2b$10$ojtp0bNROIVsOPoF7JSO/ubqyof4YRxppkJxypPGzFjG3OYA6NQL2',
  _id: new ObjectId('68011275118ea154345669ad'),
  createdAt: 2025-04-17T14:38:45.464Z,
  __v: 0
}
[2025-04-17T14:38:45.680Z] [32MINFO[39M: before sending the data to the client
[2025-04-17T14:45:18.973Z] [32MINFO[39M: user is craeted
[2025-04-17T14:45:19.242Z] [32MINFO[39M: {
  username: 'Tanmay Joshi',
  email: 'tanmayjoshi072@gmail.com',
  password: '$2b$10$Nrfy/Ej5lWtwYf3IGQvNw.UFpVZpIwqcCmhssnciLWIKRZAZqoDEq',
  _id: new ObjectId('680113fff8f0298bffa4513d'),
  createdAt: 2025-04-17T14:45:19.012Z,
  __v: 0
}
[2025-04-17T14:45:19.252Z] [32MINFO[39M: before sending the data to the client
[2025-04-18T03:06:08.102Z] [32MINFO[39M: user is craeted
[2025-04-18T03:06:08.444Z] [32MINFO[39M: {
  username: 'Tanmay Santosh Joshi',
  email: 'tanmayjoshi072@gmail.com',
  password: '$2b$10$hgr/qoSsl91ABtv9zz3O9eL9G55v1LqQsgX0mal55J0WGaM63jJ6S',
  _id: new ObjectId('6801c1a0a5c15efa32234498'),
  createdAt: 2025-04-18T03:06:08.217Z,
  __v: 0
}
[2025-04-18T03:06:08.454Z] [32MINFO[39M: before sending the data to the client
[2025-04-18T03:09:45.307Z] [32MINFO[39M: user is craeted
[2025-04-18T03:09:45.516Z] [32MINFO[39M: {
  username: 'Klaus Mikelson',
  email: 'tanmayjosh73@gmail.com',
  password: '$2b$10$fkrVHPnHEePADTLVh7FBpu9APscXIJ8hteuUqNwE3/3kSXeJdGQNa',
  _id: new ObjectId('6801c279a5c15efa3223449b'),
  createdAt: 2025-04-18T03:09:45.373Z,
  __v: 0
}
[2025-04-18T03:09:45.519Z] [32MINFO[39M: before sending the data to the client
[2025-04-18T03:17:06.008Z] [32MINFO[39M: user is craeted
[2025-04-18T03:17:06.429Z] [32MINFO[39M: {
  username: 'Tanmay Santosh Joshi',
  email: 'tanmayjoshi072@gmail.com',
  password: '$2b$10$CXTPYny1i2rYaXsUjRbb1O6sy45YW4RLcghLhkeu1aXakvVPuBtPS',
  _id: new ObjectId('6801c432c0310dcf19fad5ad'),
  createdAt: 2025-04-18T03:17:06.164Z,
  __v: 0
}
[2025-04-18T03:17:06.445Z] [32MINFO[39M: before sending the data to the client
[2025-04-18T03:43:49.940Z] [32MINFO[39M: user is craeted
[2025-04-18T03:43:50.602Z] [32MINFO[39M: {
  username: 'Tanmay Santosh Joshi',
  email: 'tanmayjoshi072@gmail.com',
  password: '$2b$10$47nsKoyA0JMzU9ADbuwFVu3CTniYjQc6HbhUawRT5UGj.evf1H6Bu',
  _id: new ObjectId('6801ca7691317435f4e89e79'),
  createdAt: 2025-04-18T03:43:50.298Z,
  __v: 0
}
[2025-04-18T03:43:50.622Z] [32MINFO[39M: before sending the data to the client
[2025-04-18T03:46:31.312Z] [32MINFO[39M: user is craeted
[2025-04-18T03:46:31.567Z] [32MINFO[39M: {
  username: 'tanmayjoshi072',
  email: 'Nothing1Worku23s12@g3mail.com',
  password: '$2b$10$yjZ.IjVzfMffUwqx.bY7HeF5tMBkboGQN7E08EJAO3//9ZWFsGVtm',
  _id: new ObjectId('6801cb175f88cd8fc9553dc6'),
  createdAt: 2025-04-18T03:46:31.355Z,
  __v: 0
}
[2025-04-18T03:46:31.576Z] [32MINFO[39M: before sending the data to the client
[2025-04-18T03:47:07.626Z] [32MINFO[39M: user is craeted
[2025-04-18T03:47:19.143Z] [32MINFO[39M: user is craeted
[2025-04-18T03:47:19.388Z] [32MINFO[39M: {
  username: 'tanmayjoshi072',
  email: 'Nothing1Worku23s12@g3mail.com',
  password: '$2b$10$x8cWqk/1PMF8yILSO5bby.SsrCLcRGPp/COJU53K9sp.1uvbDNtZi',
  _id: new ObjectId('6801cb4770dd741fd41eb79f'),
  createdAt: 2025-04-18T03:47:19.174Z,
  __v: 0
}
[2025-04-18T03:47:19.403Z] [32MINFO[39M: before sending the data to the client
[2025-04-18T03:51:29.082Z] [32MINFO[39M: user is craeted
[2025-04-18T03:51:29.448Z] [32MINFO[39M: {
  username: 'Tanmay Joshi',
  email: 'tanmayjoshi072@gmail.com',
  password: '$2b$10$UPy6uj0OzFVf6vVT5tRZ7O7nxlW0oVGzuOTvsuiAQo24jnSvUqMwu',
  _id: new ObjectId('6801cc411edc9547ac78f0ba'),
  createdAt: 2025-04-18T03:51:29.224Z,
  __v: 0
}
[2025-04-18T03:51:29.452Z] [32MINFO[39M: before sending the data to the client
[2025-04-18T04:11:02.737Z] [32MINFO[39M: user is craeted
[2025-04-18T04:11:03.072Z] [32MINFO[39M: {
  username: 'Tanmay Joshi',
  email: 'tanmayjoshi072@gmail.com',
  password: '$2b$10$DYvV.niN8WYcrFwH1HOCN.8Yq9EUbk9wZYX3BxzEi4M13Ez/9c/Ky',
  _id: new ObjectId('6801d0d632d1a3a2e0690435'),
  createdAt: 2025-04-18T04:11:02.803Z,
  __v: 0
}
[2025-04-18T04:11:03.078Z] [32MINFO[39M: before sending the data to the client
[2025-04-18T04:14:46.339Z] [32MINFO[39M: user is craeted
[2025-04-18T04:14:46.558Z] [32MINFO[39M: {
  username: 'Tanmay Joshi',
  email: 'tanmayjoshi072@gmail.com',
  password: '$2b$10$0Qcr3yblpmUNL/R7nt011e7Mcs0urD6hnwWvuS4acHKIVggs99c/e',
  _id: new ObjectId('6801d1b6ca3427745ea94003'),
  createdAt: 2025-04-18T04:14:46.387Z,
  __v: 0
}
[2025-04-18T04:14:46.563Z] [32MINFO[39M: before sending the data to the client
[2025-04-18T04:22:02.186Z] [32MINFO[39M: user is craeted
[2025-04-18T04:22:02.501Z] [32MINFO[39M: {
  username: 'Elijah',
  email: 'tanmayjosh73@gmail.com',
  password: '$2b$10$V4cD1EsByzRpzgeW0UxJR.PQxbW.lN2LFl5xFB40ts8xfr7.f73dO',
  _id: new ObjectId('6801d36a055ce032e05c6137'),
  createdAt: 2025-04-18T04:22:02.226Z,
  __v: 0
}
[2025-04-18T04:22:02.519Z] [32MINFO[39M: before sending the data to the client
[2025-04-18T04:22:12.626Z] [32MINFO[39M: user is craeted
[2025-04-18T04:34:58.953Z] [32MINFO[39M: user is craeted
[2025-04-18T04:34:59.219Z] [32MINFO[39M: {
  username: 'tanmay',
  email: 'tanmayjosh73@gmail.com',
  password: '$2b$10$LNiMfdtzU3.oNwUmUxUC2eE64w2xihWvpfgKIzSt7goMloWz/DmgG',
  _id: new ObjectId('6801d673ce669592dd5e2300'),
  createdAt: 2025-04-18T04:34:59.018Z,
  __v: 0
}
[2025-04-18T04:34:59.236Z] [32MINFO[39M: before sending the data to the client
[2025-04-18T04:37:35.014Z] [32MINFO[39M: user is craeted
[2025-04-18T04:37:35.237Z] [32MINFO[39M: {
  username: 'Tanmay Joshi',
  email: 'Tanmayjoshi072@gmail.com',
  password: '$2b$10$mIIahm8mgR.AA5zCukfYDOHnITTR4IdcN2Ei17REr2y2J1TuPKJrG',
  _id: new ObjectId('6801d70f54ae17b29baded7d'),
  createdAt: 2025-04-18T04:37:35.052Z,
  __v: 0
}
[2025-04-18T04:37:35.246Z] [32MINFO[39M: before sending the data to the client
[2025-04-18T04:41:23.150Z] [32MINFO[39M: user is craeted
[2025-04-18T04:41:23.441Z] [32MINFO[39M: {
  username: 'Tanmay Santosh Joshi',
  email: 'tanmayjoshi072@gmail.com',
  password: '$2b$10$HsYY30gYz4u.Nlnid46Iz.MGAGfDXDgpzd438zLZjtptfa4mkY4se',
  _id: new ObjectId('6801d7f39aad936cb5e4f1b5'),
  createdAt: 2025-04-18T04:41:23.185Z,
  __v: 0
}
[2025-04-18T04:41:23.446Z] [32MINFO[39M: before sending the data to the client
[2025-04-18T04:43:13.244Z] [32MINFO[39M: user is craeted
[2025-04-18T04:43:13.460Z] [32MINFO[39M: {
  username: 'tanmay',
  email: 'tanmayjoshi072@gmail.com',
  password: '$2b$10$OtNbbYuMwrQZVbmXTDFPb.gK.vJesqHXxJAJgOwxakAqp.fLcOfva',
  _id: new ObjectId('6801d86131e1be4814f35d21'),
  createdAt: 2025-04-18T04:43:13.310Z,
  __v: 0
}
[2025-04-18T04:43:13.466Z] [32MINFO[39M: before sending the data to the client
[2025-04-18T04:45:38.456Z] [32MINFO[39M: user is craeted
[2025-04-18T04:45:38.636Z] [32MINFO[39M: {
  username: 'Tanmay Santosh Joshi',
  email: 'tanmayjoshi072@gmail.com',
  password: '$2b$10$xYsYo8k9X5mhbqMmGlswi.sxvJgraPzSYAotM8LFcOH3gnoEp1L.S',
  _id: new ObjectId('6801d8f28b83bdc7c9795a73'),
  createdAt: 2025-04-18T04:45:38.499Z,
  __v: 0
}
[2025-04-18T04:45:38.641Z] [32MINFO[39M: before sending the data to the client
[2025-04-18T04:48:04.288Z] [32MINFO[39M: user is craeted
[2025-04-18T04:48:04.681Z] [32MINFO[39M: {
  username: 'Tanmay Joshi',
  email: 'tanmayjoshi072@gmail.com',
  password: '$2b$10$/ub3y2/MNmtbJ929bOQ.WeBrYXkFHe5v6xz..Xz49ICPnf0jS584m',
  _id: new ObjectId('6801d9844c5e95b7c242a068'),
  createdAt: 2025-04-18T04:48:04.345Z,
  __v: 0
}
[2025-04-18T04:48:04.696Z] [32MINFO[39M: before sending the data to the client
[2025-04-18T04:51:19.342Z] [32MINFO[39M: user is craeted
[2025-04-18T04:51:19.588Z] [32MINFO[39M: {
  username: 'Tanmay Santosh Joshi',
  email: 'tanmayjoshi072@gmail.com',
  password: '$2b$10$DmL8bMUH167W.xMlrN7.k.TnGlw/7tfAnqtA5aAz40ZpDhoj1kAz2',
  _id: new ObjectId('6801da47b9b9574b5897f253'),
  createdAt: 2025-04-18T04:51:19.402Z,
  __v: 0
}
[2025-04-18T04:51:19.595Z] [32MINFO[39M: before sending the data to the client
[2025-04-18T04:58:19.077Z] [32MINFO[39M: user is craeted
[2025-04-18T04:58:19.330Z] [32MINFO[39M: {
  username: 'tanmay',
  email: 'tanmayjoshi072@gmail.com',
  password: '$2b$10$NPln7BEJOTOSd5EvhwFhkehyejhmtXQBZh3H3GmNdwuDjKRvshqYa',
  _id: new ObjectId('6801dbeb481decb567efa789'),
  createdAt: 2025-04-18T04:58:19.121Z,
  __v: 0
}
[2025-04-18T04:58:19.347Z] [32MINFO[39M: before sending the data to the client
[2025-04-18T10:49:52.785Z] [32MINFO[39M: user is craeted
[2025-04-18T10:49:53.041Z] [32MINFO[39M: {
  username: 'Tanmay Santosh Joshi',
  email: 'tanmayjoshi072@gmail.com',
  password: '$2b$10$8HYgT3rWYIO1Bang7TM5gOkiTopvfTjaujSkFWALX.c.S3Vca9vAS',
  _id: new ObjectId('68022e50065349bcec1c0b34'),
  createdAt: 2025-04-18T10:49:52.823Z,
  __v: 0
}
[2025-04-18T10:49:53.061Z] [32MINFO[39M: before sending the data to the client
[2025-04-18T10:53:54.791Z] [32MINFO[39M: user is craeted
[2025-04-18T10:53:55.145Z] [32MINFO[39M: {
  username: 'Tanmay Santo',
  email: 'tanmayjosh73@gmail.com',
  password: '$2b$10$HGrqEp//NiBHX0jSHGRNp.csIdJuBIaCj9usCmOHVKpBdl54Gww0y',
  _id: new ObjectId('68022f426fb17efb76a9a7dd'),
  createdAt: 2025-04-18T10:53:54.822Z,
  __v: 0
}
[2025-04-18T10:53:55.157Z] [32MINFO[39M: before sending the data to the client
[2025-04-18T10:58:04.465Z] [32MINFO[39M: user is craeted
[2025-04-18T10:58:04.758Z] [32MINFO[39M: {
  username: 'Tanmay',
  email: 'tanmayjoshi072@gmail.com',
  password: '$2b$10$KerGPJZ3o/2e7/xF1M8TveeXMO1CZC6ZX/IsoG0Xw3H47mnaoxaPi',
  _id: new ObjectId('6802303cb76915d626f48f95'),
  createdAt: 2025-04-18T10:58:04.513Z,
  __v: 0
}
[2025-04-18T10:58:04.774Z] [32MINFO[39M: before sending the data to the client
[2025-04-18T11:00:39.670Z] [32MINFO[39M: user is craeted
[2025-04-18T11:00:39.917Z] [32MINFO[39M: {
  username: 'Tanmay Santosh Joshi',
  email: 'tanmayjoshi072@gmail.com',
  password: '$2b$10$BbFYTFZV7KcquzrgxUl7EuUNmN1LBI66SVneTdfCHyAt9kVo4DDRm',
  _id: new ObjectId('680230d7a8b752b85633d999'),
  createdAt: 2025-04-18T11:00:39.718Z,
  __v: 0
}
[2025-04-18T11:00:39.928Z] [32MINFO[39M: before sending the data to the client
[2025-04-18T11:03:20.453Z] [32MINFO[39M: user is craeted
[2025-04-18T11:03:20.789Z] [32MINFO[39M: {
  username: 'Tanmay',
  email: 'Terebinamujecheennahiattabe@gmail.com',
  password: '$2b$10$EiNsVzNmJNKO1BclsnxQ2ebrpdKQWUkhP.PmUIUKbKLQYEJ2gzAbe',
  _id: new ObjectId('680231781dc18e21399a870c'),
  createdAt: 2025-04-18T11:03:20.525Z,
  __v: 0
}
[2025-04-18T11:03:20.814Z] [32MINFO[39M: before sending the data to the client
[2025-04-18T11:05:59.045Z] [32MINFO[39M: user is craeted
[2025-04-18T11:05:59.624Z] [32MINFO[39M: {
  username: 'Tanmay223',
  email: 'sample@gmail.com',
  password: '$2b$10$wB7eYWePqSjy9cMzDMHNDewL6ye43oivKQPIbUfDviPclAbJVVXvO',
  _id: new ObjectId('68023217bbca373bcad55879'),
  createdAt: 2025-04-18T11:05:59.125Z,
  __v: 0
}
[2025-04-18T11:05:59.642Z] [32MINFO[39M: before sending the data to the client
[2025-04-18T11:17:07.097Z] [32MINFO[39M: user is craeted
[2025-04-18T11:17:07.370Z] [32MINFO[39M: {
  username: 'tama',
  email: 'llaya@gmail.com',
  password: '$2b$10$SjHsEcSXRQYq3RtfgdZYW.xSRDo3e.hi812d52PeLhYXfaXfo1G0u',
  _id: new ObjectId('680234b387d7f91ebc2619f7'),
  createdAt: 2025-04-18T11:17:07.148Z,
  __v: 0
}
[2025-04-18T11:17:07.399Z] [32MINFO[39M: before sending the data to the client
[2025-04-19T03:56:10.784Z] [32MINFO[39M: {
  username: 'Tanmay Joshi',
  email: 'tanmayjoshi072@gmail.com',
  password: '$2b$10$t.ck7vEYtc/Wa9rh6yqyyuohQoTr2.NyiY3NftrA2pqmbAfiEClly',
  _id: new ObjectId('68031edad853105fbcce7803'),
  createdAt: 2025-04-19T03:56:10.627Z,
  __v: 0
}
[2025-04-19T03:56:10.800Z] [32MINFO[39M: before sending the data to the client
[2025-04-19T04:13:10.616Z] [32MINFO[39M: {
  username: 'Tanmay Joshi2234',
  email: 'epicdavinci2@fearlessmails.com',
  password: '$2b$10$5DG9YKGDV2TEYkyKB8vmLu6c9M7AZfE4fnQC16IR9va5auDo34GM6',
  _id: new ObjectId('680322d65fbf2604c966ac0c'),
  createdAt: 2025-04-19T04:13:10.358Z,
  __v: 0
}
[2025-04-19T04:13:10.661Z] [32MINFO[39M: before sending the data to the client
[2025-04-19T04:14:37.046Z] [32MINFO[39M: {
  username: 'Tanmay Santosh Joshi',
  email: 'tanmayjosh73@gmail.com',
  password: '$2b$10$tSsfllY7RLC2MoH8lSMxhO97bVF1CIG9WivWFlo9d8J5OO8ROR5eO',
  _id: new ObjectId('6803232c1f9a39a4a55edf75'),
  createdAt: 2025-04-19T04:14:36.760Z,
  __v: 0
}
[2025-04-19T04:14:37.100Z] [32MINFO[39M: before sending the data to the client
[2025-04-19T04:17:17.595Z] [32MINFO[39M: {
  username: 'Tanmay Santosh Joshi',
  email: 'TJ@gmail.com',
  password: '$2b$10$.yBjcXd.7U.wwwFh2b0xiumvjx5Kl/MISmYfNKxP/C8qcEhIML7eO',
  _id: new ObjectId('680323cd2c3d232f19ffedd6'),
  createdAt: 2025-04-19T04:17:17.376Z,
  __v: 0
}
[2025-04-19T04:17:17.699Z] [32MINFO[39M: before sending the data to the client
[2025-04-19T04:18:38.132Z] [32MINFO[39M: {
  username: 'itchiethce',
  email: 'iit@gmail.com',
  password: '$2b$10$huoH.tv94VdbfbxjIuy5nOqtqOCubjctxRlcjKAe0Qdzg56dMwSi.',
  _id: new ObjectId('6803241d2c3d232f19ffeddb'),
  createdAt: 2025-04-19T04:18:37.918Z,
  __v: 0
}
[2025-04-19T04:18:38.165Z] [32MINFO[39M: before sending the data to the client
[2025-04-19T04:21:07.287Z] [32MINFO[39M: {
  username: 'Tanmay Santosh Joshi',
  email: 'tanmayjoshi072@gmail.com',
  password: '$2b$10$SvPVcjg63NvgMXL6bltP5.NDX2J4Fe08jcFsh1g8qB5u1ATJMLwQe',
  _id: new ObjectId('680324b371933dccebd21552'),
  createdAt: 2025-04-19T04:21:07.119Z,
  __v: 0
}
[2025-04-19T04:21:07.313Z] [32MINFO[39M: before sending the data to the client
[2025-04-19T04:21:34.986Z] [32MINFO[39M: {
  username: 'Pranav Patil',
  email: 'tanmayjoshi072@gmail.com3',
  password: '$2b$10$zL1RInzIbV3igoicluanBu/BCugtla7Y6PD99zt2p7Xv.YsB.MhH6',
  _id: new ObjectId('680324ce71933dccebd21557'),
  createdAt: 2025-04-19T04:21:34.846Z,
  __v: 0
}
[2025-04-19T04:21:35.015Z] [32MINFO[39M: before sending the data to the client
[2025-04-19T04:46:51.539Z] [32MINFO[39M: {
  username: 'heyMyameIStama',
  email: 'sighupbro@gmail.com',
  password: '$2b$10$vplpp7r4hwyG842VG7W.LewgT7o2rcbwarON/ScPSNn8Tuj2JEcVO',
  _id: new ObjectId('68032abb95e171e766f7a0da'),
  createdAt: 2025-04-19T04:46:51.374Z,
  __v: 0
}
[2025-04-19T04:46:51.569Z] [32MINFO[39M: before sending the data to the client
[2025-04-19T04:48:51.511Z] [32MINFO[39M: {
  username: 'Tanmay',
  email: 'migexi6722@barodis.com',
  password: '$2b$10$SDeh2IcccHQtGEQ8jpLZ.O0oYrvNTDbQ6qVqIkvRRW51DDJP83Yty',
  _id: new ObjectId('68032b338f3a6d0e5640f395'),
  createdAt: 2025-04-19T04:48:51.262Z,
  __v: 0
}
[2025-04-19T04:48:51.553Z] [32MINFO[39M: before sending the data to the client
[2025-04-19T04:49:36.476Z] [32MINFO[39M: {
  username: 'heyifuckedpprettypahrd',
  email: 'gmail@gmail.com',
  password: '$2b$10$sqftcVjHv2zWwQmkbUxdd.wTCthpK49EbJF0LMf9f/02WVn3WQV/O',
  _id: new ObjectId('68032b60cc38b2c4aea6ac29'),
  createdAt: 2025-04-19T04:49:36.226Z,
  __v: 0
}
[2025-04-19T04:49:36.514Z] [32MINFO[39M: before sending the data to the client
[2025-04-19T04:51:29.188Z] [32MINFO[39M: {
  username: 'Tanmay',
  email: 'epicdavinci2@fearlessmails.com',
  password: '$2b$10$dVqlHF/ZJn/RHobmXXB/XergfGCFzU9wXDa27GqivaDYhyOOd0hb6',
  _id: new ObjectId('68032bd00dd9bc556b41460e'),
  createdAt: 2025-04-19T04:51:28.945Z,
  __v: 0
}
[2025-04-19T04:51:29.224Z] [32MINFO[39M: before sending the data to the client
[2025-04-19T04:56:14.612Z] [32MINFO[39M: {
  username: 'Pranav Patil',
  email: 'tanmayjoshi072@gmail.com',
  password: '$2b$10$wxMbNlI2phrERk2Ae5WPqeMZ55DOytrqZrCOAIL1LPLRy3aWm38Py',
  _id: new ObjectId('68032ceec9138adcbaa32494'),
  createdAt: 2025-04-19T04:56:14.422Z,
  __v: 0
}
[2025-04-19T04:56:14.644Z] [32MINFO[39M: before sending the data to the client
